<?xml version="1.0" encoding="UTF-8"?>
<!-- Generated by org.testng.reporters.JUnitXMLReporter -->
<testsuite ignored="0" hostname="DESKTOP-HQL3KN4" failures="0" tests="3" name="testrunner2" time="0.121" errors="0" timestamp="2023-03-16T10:45:12 IST">
  <testcase classname="DistributionParallel.Test2" name="demo4" time="0.03"/>
  <testcase classname="DistributionParallel.Test2" name="demo5" time="0.002"/>
  <testcase classname="DistributionParallel.Test2" name="demo6" time="0.005"/>
</testsuite> <!-- testrunner2 -->
