<?xml version="1.0" encoding="UTF-8"?>
<!-- Generated by org.testng.reporters.JUnitXMLReporter -->
<testsuite ignored="0" hostname="DESKTOP-HQL3KN4" failures="1" tests="5" name="Test" time="0.129" errors="0" timestamp="2023-03-15T21:25:23 IST">
  <testcase classname="practice.ListnerPracticeTest" name="test1" time="0.011"/>
  <testcase classname="practice.ListnerPracticeTest" name="test2" time="0.014">
    <skipped/>
  </testcase> <!-- test2 -->
  <testcase classname="practice.ListnerPracticeTest" name="test2" time="0.005">
    <skipped/>
  </testcase> <!-- test2 -->
  <testcase classname="practice.ListnerPracticeTest" name="test2" time="0.003">
    <skipped/>
  </testcase> <!-- test2 -->
  <testcase classname="practice.ListnerPracticeTest" name="test2" time="0.005">
    <failure type="java.lang.AssertionError" message="null">
      <![CDATA[java.lang.AssertionError: null
at practice.ListnerPracticeTest.test2(ListnerPracticeTest.java:21)
at java.base/java.util.ArrayList.forEach(ArrayList.java:1511)
... Removed 27 stack frames]]>
    </failure>
  </testcase> <!-- test2 -->
</testsuite> <!-- Test -->
