<?xml version="1.0" encoding="UTF-8"?>
<!-- Generated by org.testng.reporters.JUnitXMLReporter -->
<testsuite ignored="0" hostname="DESKTOP-HQL3KN4" failures="0" tests="3" name="testrunner1" time="0.122" errors="0" timestamp="2023-03-16T10:45:12 IST">
  <testcase classname="DistributionParallel.Test1" name="demo1" time="0.031"/>
  <testcase classname="DistributionParallel.Test1" name="demo2" time="0.006"/>
  <testcase classname="DistributionParallel.Test1" name="demo3" time="0.005"/>
</testsuite> <!-- testrunner1 -->
